2022-05-19_09-27-35 [restartedMain] INFO  c.c.p.d.PensionerDetailMicroserviceApplication - Starting PensionerDetailMicroserviceApplication using Java 17.0.2 on LTIN302734 with PID 10828 (C:\Users\877629\Desktop\JAVA_FSE\Pension-Management-System-main\Pension-Management-System-main\PensionerDetail-Microservice\target\classes started by 877629 in C:\Users\877629\Desktop\JAVA_FSE\Pension-Management-System-main\Pension-Management-System-main\PensionerDetail-Microservice)
2022-05-19_09-27-35 [restartedMain] INFO  c.c.p.d.PensionerDetailMicroserviceApplication - No active profile set, falling back to default profiles: default
2022-05-19_09-27-35 [restartedMain] INFO  o.s.b.d.e.DevToolsPropertyDefaultsPostProcessor - Devtools property defaults active! Set 'spring.devtools.add-properties' to 'false' to disable
2022-05-19_09-27-35 [restartedMain] INFO  o.s.b.d.e.DevToolsPropertyDefaultsPostProcessor - For additional web related logging consider setting the 'logging.level.web' property to 'DEBUG'
2022-05-19_09-27-35 [restartedMain] INFO  o.s.d.r.c.RepositoryConfigurationDelegate - Bootstrapping Spring Data JPA repositories in DEFAULT mode.
2022-05-19_09-27-35 [restartedMain] INFO  o.s.d.r.c.RepositoryConfigurationDelegate - Finished Spring Data repository scanning in 76 ms. Found 1 JPA repository interfaces.
2022-05-19_09-27-35 [restartedMain] INFO  o.s.cloud.context.scope.GenericScope - BeanFactory id=dd507a32-ed85-3bf1-b7a7-440fd877206b
2022-05-19_09-27-35 [restartedMain] INFO  o.s.c.s.PostProcessorRegistrationDelegate$BeanPostProcessorChecker - Bean 'com.cts.pensioner.detail.feignclient.AuthorisingClient' of type [org.springframework.cloud.openfeign.FeignClientFactoryBean] is not eligible for getting processed by all BeanPostProcessors (for example: not eligible for auto-proxying)
2022-05-19_09-27-35 [restartedMain] INFO  o.s.b.w.e.tomcat.TomcatWebServer - Tomcat initialized with port(s): 8200 (http)
2022-05-19_09-27-35 [restartedMain] INFO  o.a.coyote.http11.Http11NioProtocol - Initializing ProtocolHandler ["http-nio-8200"]
2022-05-19_09-27-35 [restartedMain] INFO  o.a.catalina.core.StandardService - Starting service [Tomcat]
2022-05-19_09-27-35 [restartedMain] INFO  o.a.catalina.core.StandardEngine - Starting Servlet engine: [Apache Tomcat/9.0.41]
2022-05-19_09-27-35 [restartedMain] INFO  o.a.c.c.C.[.[localhost].[/pensioner] - Initializing Spring embedded WebApplicationContext
2022-05-19_09-27-35 [restartedMain] INFO  o.s.b.w.s.c.ServletWebServerApplicationContext - Root WebApplicationContext: initialization completed in 3264 ms
2022-05-19_09-27-35 [restartedMain] INFO  com.zaxxer.hikari.HikariDataSource - HikariPool-1 - Starting...
2022-05-19_09-27-35 [restartedMain] INFO  com.zaxxer.hikari.HikariDataSource - HikariPool-1 - Start completed.
2022-05-19_09-27-35 [restartedMain] INFO  o.s.b.a.h.H2ConsoleAutoConfiguration - H2 console available at '/db'. Database available at 'jdbc:h2:mem:ipms_db'
2022-05-19_09-27-35 [restartedMain] INFO  o.s.o.j.LocalContainerEntityManagerFactoryBean - Initialized JPA EntityManagerFactory for persistence unit 'default'
2022-05-19_09-27-35 [restartedMain] INFO  o.s.s.c.ThreadPoolTaskExecutor - Initializing ExecutorService 'applicationTaskExecutor'
2022-05-19_09-27-35 [restartedMain] INFO  o.s.cloud.commons.util.InetUtils - Cannot determine local hostname
2022-05-19_09-27-35 [restartedMain] INFO  o.s.b.a.e.web.EndpointLinksResolver - Exposing 2 endpoint(s) beneath base path '/actuator'
2022-05-19_09-27-35 [restartedMain] INFO  o.a.coyote.http11.Http11NioProtocol - Starting ProtocolHandler ["http-nio-8200"]
2022-05-19_09-27-35 [restartedMain] INFO  o.s.b.w.e.tomcat.TomcatWebServer - Tomcat started on port(s): 8200 (http) with context path '/pensioner'
2022-05-19_09-27-35 [restartedMain] INFO  o.s.cloud.commons.util.InetUtils - Cannot determine local hostname
2022-05-19_09-27-35 [restartedMain] INFO  c.c.p.d.PensionerDetailMicroserviceApplication - Started PensionerDetailMicroserviceApplication in 11.275 seconds (JVM running for 12.58)
2022-05-19_09-27-35 [http-nio-8200-exec-1] INFO  o.a.c.c.C.[.[localhost].[/pensioner] - Initializing Spring DispatcherServlet 'dispatcherServlet'
2022-05-19_09-27-35 [http-nio-8200-exec-1] INFO  o.s.web.servlet.DispatcherServlet - Initializing Servlet 'dispatcherServlet'
2022-05-19_09-27-35 [http-nio-8200-exec-1] INFO  o.s.web.servlet.DispatcherServlet - Completed initialization in 2 ms
2022-05-19_15-31-45 [restartedMain] INFO  c.c.p.d.PensionerDetailMicroserviceApplication - Starting PensionerDetailMicroserviceApplication using Java 17.0.2 on LTIN302734 with PID 21340 (C:\Users\877629\Desktop\JAVA_FSE\Pension-Management-System-main\Pension-Management-System-main\PensionerDetail-Microservice\target\classes started by 877629 in C:\Users\877629\Desktop\JAVA_FSE\Pension-Management-System-main\Pension-Management-System-main\PensionerDetail-Microservice)
2022-05-19_15-31-45 [restartedMain] INFO  c.c.p.d.PensionerDetailMicroserviceApplication - No active profile set, falling back to default profiles: default
2022-05-19_15-31-45 [restartedMain] INFO  o.s.b.d.e.DevToolsPropertyDefaultsPostProcessor - Devtools property defaults active! Set 'spring.devtools.add-properties' to 'false' to disable
2022-05-19_15-31-45 [restartedMain] INFO  o.s.b.d.e.DevToolsPropertyDefaultsPostProcessor - For additional web related logging consider setting the 'logging.level.web' property to 'DEBUG'
2022-05-19_15-31-45 [restartedMain] INFO  o.s.d.r.c.RepositoryConfigurationDelegate - Bootstrapping Spring Data JPA repositories in DEFAULT mode.
2022-05-19_15-31-45 [restartedMain] INFO  o.s.d.r.c.RepositoryConfigurationDelegate - Finished Spring Data repository scanning in 199 ms. Found 1 JPA repository interfaces.
2022-05-19_15-31-45 [restartedMain] INFO  o.s.cloud.context.scope.GenericScope - BeanFactory id=1d6ae96d-99a9-35cd-93eb-e3c02c0557f8
2022-05-19_15-31-45 [restartedMain] INFO  o.s.c.s.PostProcessorRegistrationDelegate$BeanPostProcessorChecker - Bean 'com.cts.pensioner.detail.feignclient.AuthorisingClient' of type [org.springframework.cloud.openfeign.FeignClientFactoryBean] is not eligible for getting processed by all BeanPostProcessors (for example: not eligible for auto-proxying)
2022-05-19_15-31-45 [restartedMain] INFO  o.s.b.w.e.tomcat.TomcatWebServer - Tomcat initialized with port(s): 8200 (http)
2022-05-19_15-31-45 [restartedMain] INFO  o.a.coyote.http11.Http11NioProtocol - Initializing ProtocolHandler ["http-nio-8200"]
2022-05-19_15-31-45 [restartedMain] INFO  o.a.catalina.core.StandardService - Starting service [Tomcat]
2022-05-19_15-31-45 [restartedMain] INFO  o.a.catalina.core.StandardEngine - Starting Servlet engine: [Apache Tomcat/9.0.41]
2022-05-19_15-31-45 [restartedMain] INFO  o.a.c.c.C.[.[localhost].[/pensioner] - Initializing Spring embedded WebApplicationContext
2022-05-19_15-31-45 [restartedMain] INFO  o.s.b.w.s.c.ServletWebServerApplicationContext - Root WebApplicationContext: initialization completed in 3056 ms
2022-05-19_15-31-45 [restartedMain] INFO  com.zaxxer.hikari.HikariDataSource - HikariPool-1 - Starting...
2022-05-19_15-31-45 [restartedMain] INFO  com.zaxxer.hikari.HikariDataSource - HikariPool-1 - Start completed.
2022-05-19_15-31-45 [restartedMain] INFO  o.s.b.a.h.H2ConsoleAutoConfiguration - H2 console available at '/db'. Database available at 'jdbc:h2:mem:ipms_db'
2022-05-19_15-31-45 [restartedMain] INFO  o.s.o.j.LocalContainerEntityManagerFactoryBean - Initialized JPA EntityManagerFactory for persistence unit 'default'
2022-05-19_15-31-45 [restartedMain] INFO  o.s.s.c.ThreadPoolTaskExecutor - Initializing ExecutorService 'applicationTaskExecutor'
2022-05-19_15-31-45 [restartedMain] INFO  o.s.cloud.commons.util.InetUtils - Cannot determine local hostname
2022-05-19_15-31-45 [restartedMain] INFO  o.s.cloud.commons.util.InetUtils - Cannot determine local hostname
2022-05-19_15-31-45 [restartedMain] INFO  o.s.c.n.e.c.DiscoveryClientOptionalArgsConfiguration - Eureka HTTP Client uses RestTemplate.
2022-05-19_15-31-45 [restartedMain] INFO  o.s.b.a.e.web.EndpointLinksResolver - Exposing 2 endpoint(s) beneath base path '/actuator'
2022-05-19_15-31-45 [restartedMain] INFO  o.s.c.n.eureka.InstanceInfoFactory - Setting initial instance status as: STARTING
2022-05-19_15-31-45 [restartedMain] INFO  c.netflix.discovery.DiscoveryClient - Initializing Eureka in region us-east-1
2022-05-19_15-31-45 [restartedMain] INFO  c.n.d.s.r.aws.ConfigClusterResolver - Resolving eureka endpoints via configuration
2022-05-19_15-31-45 [restartedMain] INFO  c.netflix.discovery.DiscoveryClient - Disable delta property : false
2022-05-19_15-31-45 [restartedMain] INFO  c.netflix.discovery.DiscoveryClient - Single vip registry refresh property : null
2022-05-19_15-31-45 [restartedMain] INFO  c.netflix.discovery.DiscoveryClient - Force full registry fetch : false
2022-05-19_15-31-45 [restartedMain] INFO  c.netflix.discovery.DiscoveryClient - Application is null : false
2022-05-19_15-31-45 [restartedMain] INFO  c.netflix.discovery.DiscoveryClient - Registered Applications size is zero : true
2022-05-19_15-31-45 [restartedMain] INFO  c.netflix.discovery.DiscoveryClient - Application version is -1: true
2022-05-19_15-31-45 [restartedMain] INFO  c.netflix.discovery.DiscoveryClient - Getting all instance registry info from the eureka server
2022-05-19_15-31-45 [restartedMain] INFO  c.netflix.discovery.DiscoveryClient - The response status is 200
2022-05-19_15-31-45 [restartedMain] INFO  c.netflix.discovery.DiscoveryClient - Starting heartbeat executor: renew interval is: 30
2022-05-19_15-31-45 [restartedMain] INFO  c.n.discovery.InstanceInfoReplicator - InstanceInfoReplicator onDemand update allowed rate per min is 4
2022-05-19_15-31-45 [restartedMain] INFO  c.netflix.discovery.DiscoveryClient - Discovery Client initialized at timestamp 1652954514917 with initial instances count: 2
2022-05-19_15-31-45 [restartedMain] INFO  o.s.c.n.e.s.EurekaServiceRegistry - Registering application PENSIONERDETAIL-MICROSERVICE with eureka with status UP
2022-05-19_15-31-45 [restartedMain] INFO  c.netflix.discovery.DiscoveryClient - Saw local status change event StatusChangeEvent [timestamp=1652954514925, current=UP, previous=STARTING]
2022-05-19_15-31-45 [DiscoveryClient-InstanceInfoReplicator-0] INFO  c.netflix.discovery.DiscoveryClient - DiscoveryClient_PENSIONERDETAIL-MICROSERVICE/localhost:PensionerDetail-Microservice:8200: registering service...
2022-05-19_15-31-45 [restartedMain] INFO  o.a.coyote.http11.Http11NioProtocol - Starting ProtocolHandler ["http-nio-8200"]
2022-05-19_15-31-45 [DiscoveryClient-InstanceInfoReplicator-0] INFO  c.netflix.discovery.DiscoveryClient - DiscoveryClient_PENSIONERDETAIL-MICROSERVICE/localhost:PensionerDetail-Microservice:8200 - registration status: 204
2022-05-19_15-31-45 [restartedMain] INFO  o.s.b.w.e.tomcat.TomcatWebServer - Tomcat started on port(s): 8200 (http) with context path '/pensioner'
2022-05-19_15-31-45 [restartedMain] INFO  o.s.c.n.e.s.EurekaAutoServiceRegistration - Updating port to 8200
2022-05-19_15-31-45 [restartedMain] INFO  o.s.cloud.commons.util.InetUtils - Cannot determine local hostname
2022-05-19_15-31-45 [restartedMain] INFO  c.c.p.d.PensionerDetailMicroserviceApplication - Started PensionerDetailMicroserviceApplication in 12.05 seconds (JVM running for 12.954)
2022-05-19_16-02-06 [restartedMain] INFO  c.c.p.d.PensionerDetailMicroserviceApplication - Starting PensionerDetailMicroserviceApplication using Java 17.0.2 on LTIN302734 with PID 12820 (C:\Users\877629\Desktop\JAVA_FSE\Pension-Management-System-main\Pension-Management-System-main\PensionerDetail-Microservice\target\classes started by 877629 in C:\Users\877629\Desktop\JAVA_FSE\Pension-Management-System-main\Pension-Management-System-main\PensionerDetail-Microservice)
2022-05-19_16-02-06 [restartedMain] INFO  c.c.p.d.PensionerDetailMicroserviceApplication - No active profile set, falling back to default profiles: default
2022-05-19_16-02-06 [restartedMain] INFO  o.s.b.d.e.DevToolsPropertyDefaultsPostProcessor - Devtools property defaults active! Set 'spring.devtools.add-properties' to 'false' to disable
2022-05-19_16-02-06 [restartedMain] INFO  o.s.b.d.e.DevToolsPropertyDefaultsPostProcessor - For additional web related logging consider setting the 'logging.level.web' property to 'DEBUG'
2022-05-19_16-02-06 [restartedMain] INFO  o.s.d.r.c.RepositoryConfigurationDelegate - Bootstrapping Spring Data JPA repositories in DEFAULT mode.
2022-05-19_16-02-06 [restartedMain] INFO  o.s.d.r.c.RepositoryConfigurationDelegate - Finished Spring Data repository scanning in 189 ms. Found 1 JPA repository interfaces.
2022-05-19_16-02-06 [restartedMain] INFO  o.s.cloud.context.scope.GenericScope - BeanFactory id=1d6ae96d-99a9-35cd-93eb-e3c02c0557f8
2022-05-19_16-02-06 [restartedMain] INFO  o.s.c.s.PostProcessorRegistrationDelegate$BeanPostProcessorChecker - Bean 'com.cts.pensioner.detail.feignclient.AuthorisingClient' of type [org.springframework.cloud.openfeign.FeignClientFactoryBean] is not eligible for getting processed by all BeanPostProcessors (for example: not eligible for auto-proxying)
2022-05-19_16-02-06 [restartedMain] INFO  o.s.b.w.e.tomcat.TomcatWebServer - Tomcat initialized with port(s): 8200 (http)
2022-05-19_16-02-06 [restartedMain] INFO  o.a.coyote.http11.Http11NioProtocol - Initializing ProtocolHandler ["http-nio-8200"]
2022-05-19_16-02-06 [restartedMain] INFO  o.a.catalina.core.StandardService - Starting service [Tomcat]
2022-05-19_16-02-06 [restartedMain] INFO  o.a.catalina.core.StandardEngine - Starting Servlet engine: [Apache Tomcat/9.0.41]
2022-05-19_16-02-06 [restartedMain] INFO  o.a.c.c.C.[.[localhost].[/pensioner] - Initializing Spring embedded WebApplicationContext
2022-05-19_16-02-06 [restartedMain] INFO  o.s.b.w.s.c.ServletWebServerApplicationContext - Root WebApplicationContext: initialization completed in 3403 ms
2022-05-19_16-02-06 [restartedMain] INFO  com.zaxxer.hikari.HikariDataSource - HikariPool-1 - Starting...
2022-05-19_16-02-06 [restartedMain] INFO  com.zaxxer.hikari.HikariDataSource - HikariPool-1 - Start completed.
2022-05-19_16-02-06 [restartedMain] INFO  o.s.b.a.h.H2ConsoleAutoConfiguration - H2 console available at '/db'. Database available at 'jdbc:h2:mem:ipms_db'
2022-05-19_16-02-06 [restartedMain] INFO  o.s.o.j.LocalContainerEntityManagerFactoryBean - Initialized JPA EntityManagerFactory for persistence unit 'default'
2022-05-19_16-02-06 [restartedMain] INFO  o.s.s.c.ThreadPoolTaskExecutor - Initializing ExecutorService 'applicationTaskExecutor'
2022-05-19_16-02-06 [restartedMain] INFO  o.s.cloud.commons.util.InetUtils - Cannot determine local hostname
2022-05-19_16-02-06 [restartedMain] INFO  o.s.cloud.commons.util.InetUtils - Cannot determine local hostname
2022-05-19_16-02-06 [restartedMain] INFO  o.s.c.n.e.c.DiscoveryClientOptionalArgsConfiguration - Eureka HTTP Client uses RestTemplate.
2022-05-19_16-02-06 [restartedMain] INFO  o.s.b.a.e.web.EndpointLinksResolver - Exposing 2 endpoint(s) beneath base path '/actuator'
2022-05-19_16-02-06 [restartedMain] INFO  o.s.c.n.eureka.InstanceInfoFactory - Setting initial instance status as: STARTING
2022-05-19_16-02-06 [restartedMain] INFO  c.netflix.discovery.DiscoveryClient - Initializing Eureka in region us-east-1
2022-05-19_16-02-06 [restartedMain] INFO  c.n.d.s.r.aws.ConfigClusterResolver - Resolving eureka endpoints via configuration
2022-05-19_16-02-06 [restartedMain] INFO  c.netflix.discovery.DiscoveryClient - Disable delta property : false
2022-05-19_16-02-06 [restartedMain] INFO  c.netflix.discovery.DiscoveryClient - Single vip registry refresh property : null
2022-05-19_16-02-06 [restartedMain] INFO  c.netflix.discovery.DiscoveryClient - Force full registry fetch : false
2022-05-19_16-02-06 [restartedMain] INFO  c.netflix.discovery.DiscoveryClient - Application is null : false
2022-05-19_16-02-06 [restartedMain] INFO  c.netflix.discovery.DiscoveryClient - Registered Applications size is zero : true
2022-05-19_16-02-06 [restartedMain] INFO  c.netflix.discovery.DiscoveryClient - Application version is -1: true
2022-05-19_16-02-06 [restartedMain] INFO  c.netflix.discovery.DiscoveryClient - Getting all instance registry info from the eureka server
2022-05-19_16-02-06 [restartedMain] INFO  c.netflix.discovery.DiscoveryClient - The response status is 200
2022-05-19_16-02-06 [restartedMain] INFO  c.netflix.discovery.DiscoveryClient - Starting heartbeat executor: renew interval is: 30
2022-05-19_16-02-06 [restartedMain] INFO  c.n.discovery.InstanceInfoReplicator - InstanceInfoReplicator onDemand update allowed rate per min is 4
2022-05-19_16-02-06 [restartedMain] INFO  c.netflix.discovery.DiscoveryClient - Discovery Client initialized at timestamp 1652956336901 with initial instances count: 2
2022-05-19_16-02-06 [restartedMain] INFO  o.s.c.n.e.s.EurekaServiceRegistry - Registering application PENSIONERDETAIL-MICROSERVICE with eureka with status UP
2022-05-19_16-02-06 [restartedMain] INFO  c.netflix.discovery.DiscoveryClient - Saw local status change event StatusChangeEvent [timestamp=1652956336908, current=UP, previous=STARTING]
2022-05-19_16-02-06 [restartedMain] INFO  o.a.coyote.http11.Http11NioProtocol - Starting ProtocolHandler ["http-nio-8200"]
2022-05-19_16-02-06 [DiscoveryClient-InstanceInfoReplicator-0] INFO  c.netflix.discovery.DiscoveryClient - DiscoveryClient_PENSIONERDETAIL-MICROSERVICE/localhost:PensionerDetail-Microservice:8200: registering service...
2022-05-19_16-02-06 [DiscoveryClient-InstanceInfoReplicator-0] INFO  c.netflix.discovery.DiscoveryClient - DiscoveryClient_PENSIONERDETAIL-MICROSERVICE/localhost:PensionerDetail-Microservice:8200 - registration status: 204
2022-05-19_16-02-06 [restartedMain] INFO  o.s.b.w.e.tomcat.TomcatWebServer - Tomcat started on port(s): 8200 (http) with context path '/pensioner'
2022-05-19_16-02-06 [restartedMain] INFO  o.s.c.n.e.s.EurekaAutoServiceRegistration - Updating port to 8200
2022-05-19_16-02-06 [restartedMain] INFO  o.s.cloud.commons.util.InetUtils - Cannot determine local hostname
2022-05-19_16-02-06 [restartedMain] INFO  c.c.p.d.PensionerDetailMicroserviceApplication - Started PensionerDetailMicroserviceApplication in 12.611 seconds (JVM running for 13.818)
2022-05-19_16-02-06 [http-nio-8200-exec-1] INFO  o.a.c.c.C.[.[localhost].[/pensioner] - Initializing Spring DispatcherServlet 'dispatcherServlet'
2022-05-19_16-02-06 [http-nio-8200-exec-1] INFO  o.s.web.servlet.DispatcherServlet - Initializing Servlet 'dispatcherServlet'
2022-05-19_16-02-06 [http-nio-8200-exec-1] INFO  o.s.web.servlet.DispatcherServlet - Completed initialization in 4 ms
